[2015-12-23 20:53:57] (ERROR @ /Users/joostbrommert/Sites/GitHub/Klompenschuurtje/core/cache/includes/elements/modsnippet/18.include.cache.php : 43) PHP warning: require_once(/Users/joostbrommert/Sites/GitHub/Klompenschuurtje/core/components/phpthumbof/model/phpthumbof/phpthumbof.class.php) [<a href='function.require-once'>function.require-once</a>]: failed to open stream: No such file or directory
[2015-12-23 20:56:04] (ERROR @ /Users/joostbrommert/Sites/GitHub/Klompenschuurtje/core/cache/includes/elements/modsnippet/18.include.cache.php : 43) PHP warning: require_once(/Users/joostbrommert/Sites/GitHub/Klompenschuurtje/core/components/phpthumbof/model/phpthumbof/phpthumbof.class.php) [<a href='function.require-once'>function.require-once</a>]: failed to open stream: No such file or directory
[2015-12-23 21:25:49] (ERROR @ /index.php) Could not cache source data for 5.
[2015-12-23 21:25:49] (ERROR @ /index.php) Could not cache source data for 5.
[2015-12-23 21:25:49] (ERROR @ /index.php) Could not cache source data for 5.
[2015-12-23 21:25:49] (ERROR @ /index.php) Could not cache source data for 5.
[2015-12-23 21:25:49] (ERROR @ /index.php) Could not cache source data for 5.
[2016-01-10 13:59:48] (ERROR @ /index.php) Could not cache source data for 5.
[2016-01-10 13:59:48] (ERROR @ /index.php) Could not cache source data for 5.
[2016-01-10 13:59:48] (ERROR @ /index.php) Could not cache source data for 5.
[2016-01-10 13:59:49] (ERROR @ /index.php) Could not cache source data for 5.
[2016-01-10 13:59:50] (ERROR @ /index.php) Could not cache source data for 5.
[2016-01-10 13:59:50] (ERROR @ /index.php) Could not cache source data for 5.
[2016-01-10 13:59:50] (ERROR @ /index.php) Could not cache source data for 5.
[2016-01-13 21:01:56] (ERROR @ /connectors/lang.js.php) Error caching lexicon topic lexicon/en/core/resource
[2016-01-13 21:37:04] (ERROR @ /connectors/lang.js.php) Error caching lexicon topic lexicon/en/core/resource
[2016-01-13 22:13:31] (ERROR @ /index.php) Could not cache source data for 5.
[2016-01-13 22:13:31] (ERROR @ /index.php) Could not cache resource 1
[2016-01-13 22:16:34] (ERROR @ /index.php) Could not cache source data for 5.
[2016-01-13 22:16:34] (ERROR @ /index.php) Could not cache source data for 5.
[2016-01-13 22:16:34] (ERROR @ /index.php) Could not cache source data for 5.
[2016-01-13 22:21:39] (ERROR @ /connectors/lang.js.php) Error caching lexicon topic lexicon/en/core/resource
[2016-01-13 22:21:43] (ERROR @ /index.php) Could not cache source data for 5.
[2016-01-13 22:23:23] (ERROR @ /index.php) Could not cache source data for 5.
[2016-01-13 22:23:23] (ERROR @ /index.php) Could not cache resource 1
[2016-01-13 22:24:02] (ERROR @ /index.php) Could not cache source data for 5.
[2016-01-16 23:38:37] (ERROR @ /connectors/lang.js.php) Error caching lexicon topic lexicon/en/core/resource
[2016-01-17 14:55:00] (ERROR @ /connectors/modx.config.js.php) Error caching action map mgr/actions
